# JRE version: OpenJDK Runtime Environment (17.0.10) (build 17.0.10+0--11572160)
# Java VM: OpenJDK 64-Bit Server VM (17.0.10+0--11572160, mixed mode, tiered, compressed oops, compressed class ptrs, g1 gc, windows-amd64)
GC Precious Log:
 CPUs: 12 total, 12 available
 Memory: 16163M
 Large Page Support: Disabled
 NUMA Support: Disabled
 Compressed Oops: Enabled (32-bit)
 Heap Region Size: 1M
 Heap Min Capacity: 8M
 Heap Initial Capacity: 254M
 Heap Max Capacity: 2G
 Pre-touch: Disabled
 Parallel Workers: 10
 Concurrent Workers: 3
 Concurrent Refinement Workers: 10
 Periodic GC: Disabled
Heap:
 garbage-first heap   total 71680K, used 30371K [0x0000000080000000, 0x0000000100000000)
  region size 1024K, 3 young (3072K), 3 survivors (3072K)
 Metaspace       used 42509K, committed 42880K, reserved 1114112K
  class space    used 5657K, committed 5824K, reserved 1048576K
GC Heap History (19 events):
Event: 0.938 GC heap before
{Heap before GC invocations=0 (full 0):
 garbage-first heap   total 260096K, used 26624K [0x0000000080000000, 0x0000000100000000)
  region size 1024K, 23 young (23552K), 0 survivors (0K)
 Metaspace       used 10396K, committed 10560K, reserved 1114112K
  class space    used 1077K, committed 1152K, reserved 1048576K
}
Event: 0.941 GC heap after
{Heap after GC invocations=1 (full 0):
 garbage-first heap   total 260096K, used 10497K [0x0000000080000000, 0x0000000100000000)
  region size 1024K, 3 young (3072K), 3 survivors (3072K)
 Metaspace       used 10396K, committed 10560K, reserved 1114112K
  class space    used 1077K, committed 1152K, reserved 1048576K
}
Event: 1.383 GC heap before
{Heap before GC invocations=1 (full 0):
 garbage-first heap   total 260096K, used 39169K [0x0000000080000000, 0x0000000100000000)
  region size 1024K, 31 young (31744K), 3 survivors (3072K)
 Metaspace       used 11430K, committed 11584K, reserved 1114112K
  class space    used 1195K, committed 1280K, reserved 1048576K
}
Event: 1.385 GC heap after
{Heap after GC invocations=2 (full 0):
 garbage-first heap   total 260096K, used 11256K [0x0000000080000000, 0x0000000100000000)
  region size 1024K, 1 young (1024K), 1 survivors (1024K)
 Metaspace       used 11430K, committed 11584K, reserved 1114112K
  class space    used 1195K, committed 1280K, reserved 1048576K
}
Event: 4.198 GC heap before
{Heap before GC invocations=2 (full 0):
 garbage-first heap   total 260096K, used 61432K [0x0000000080000000, 0x0000000100000000)
  region size 1024K, 50 young (51200K), 1 survivors (1024K)
 Metaspace       used 21249K, committed 21504K, reserved 1114112K
  class space    used 2489K, committed 2624K, reserved 1048576K
}
Event: 4.202 GC heap after
{Heap after GC invocations=3 (full 0):
 garbage-first heap   total 260096K, used 19112K [0x0000000080000000, 0x0000000100000000)
  region size 1024K, 9 young (9216K), 9 survivors (9216K)
 Metaspace       used 21249K, committed 21504K, reserved 1114112K
  class space    used 2489K, committed 2624K, reserved 1048576K
}
Event: 4.616 GC heap before
{Heap before GC invocations=4 (full 0):
 garbage-first heap   total 71680K, used 52904K [0x0000000080000000, 0x0000000100000000)
  region size 1024K, 42 young (43008K), 9 survivors (9216K)
 Metaspace       used 26316K, committed 26560K, reserved 1114112K
  class space    used 3351K, committed 3456K, reserved 1048576K
}
Event: 4.619 GC heap after
{Heap after GC invocations=5 (full 0):
 garbage-first heap   total 71680K, used 20726K [0x0000000080000000, 0x0000000100000000)
  region size 1024K, 2 young (2048K), 2 survivors (2048K)
 Metaspace       used 26316K, committed 26560K, reserved 1114112K
  class space    used 3351K, committed 3456K, reserved 1048576K
}
Event: 4.634 GC heap before
{Heap before GC invocations=5 (full 0):
 garbage-first heap   total 71680K, used 21750K [0x0000000080000000, 0x0000000100000000)
  region size 1024K, 3 young (3072K), 2 survivors (2048K)
 Metaspace       used 26436K, committed 26688K, reserved 1114112K
  class space    used 3374K, committed 3520K, reserved 1048576K
}
Event: 4.635 GC heap after
{Heap after GC invocations=6 (full 0):
 garbage-first heap   total 71680K, used 21110K [0x0000000080000000, 0x0000000100000000)
  region size 1024K, 1 young (1024K), 1 survivors (1024K)
 Metaspace       used 26436K, committed 26688K, reserved 1114112K
  class space    used 3374K, committed 3520K, reserved 1048576K
}
Event: 5.041 GC heap before
{Heap before GC invocations=6 (full 0):
 garbage-first heap   total 71680K, used 50806K [0x0000000080000000, 0x0000000100000000)
  region size 1024K, 30 young (30720K), 1 survivors (1024K)
 Metaspace       used 30449K, committed 30720K, reserved 1114112K
  class space    used 4042K, committed 4160K, reserved 1048576K
}
Event: 5.042 GC heap after
{Heap after GC invocations=7 (full 0):
 garbage-first heap   total 71680K, used 22649K [0x0000000080000000, 0x0000000100000000)
  region size 1024K, 2 young (2048K), 2 survivors (2048K)
 Metaspace       used 30449K, committed 30720K, reserved 1114112K
  class space    used 4042K, committed 4160K, reserved 1048576K
}
Event: 188.336 GC heap before
{Heap before GC invocations=7 (full 0):
 garbage-first heap   total 71680K, used 51321K [0x0000000080000000, 0x0000000100000000)
  region size 1024K, 31 young (31744K), 2 survivors (2048K)
 Metaspace       used 33965K, committed 34240K, reserved 1114112K
  class space    used 4603K, committed 4736K, reserved 1048576K
}
Event: 188.341 GC heap after
{Heap after GC invocations=8 (full 0):
 garbage-first heap   total 71680K, used 23839K [0x0000000080000000, 0x0000000100000000)
  region size 1024K, 4 young (4096K), 4 survivors (4096K)
 Metaspace       used 33965K, committed 34240K, reserved 1114112K
  class space    used 4603K, committed 4736K, reserved 1048576K
}
Event: 188.476 GC heap before
{Heap before GC invocations=8 (full 0):
 garbage-first heap   total 71680K, used 34079K [0x0000000080000000, 0x0000000100000000)
  region size 1024K, 16 young (16384K), 4 survivors (4096K)
 Metaspace       used 35710K, committed 35968K, reserved 1114112K
  class space    used 4859K, committed 4992K, reserved 1048576K
}
Event: 188.480 GC heap after
{Heap after GC invocations=9 (full 0):
 garbage-first heap   total 71680K, used 24361K [0x0000000080000000, 0x0000000100000000)
  region size 1024K, 2 young (2048K), 2 survivors (2048K)
 Metaspace       used 35710K, committed 35968K, reserved 1114112K
  class space    used 4859K, committed 4992K, reserved 1048576K
}
Event: 188.844 GC heap before
{Heap before GC invocations=10 (full 0):
 garbage-first heap   total 71680K, used 54057K [0x0000000080000000, 0x0000000100000000)
  region size 1024K, 32 young (32768K), 2 survivors (2048K)
 Metaspace       used 41419K, committed 41728K, reserved 1114112K
  class space    used 5483K, committed 5632K, reserved 1048576K
}
Event: 188.849 GC heap after
{Heap after GC invocations=11 (full 0):
 garbage-first heap   total 71680K, used 28120K [0x0000000080000000, 0x0000000100000000)
  region size 1024K, 4 young (4096K), 4 survivors (4096K)
 Metaspace       used 41419K, committed 41728K, reserved 1114112K
  class space    used 5483K, committed 5632K, reserved 1048576K
}
Event: 188.954 GC heap before
{Heap before GC invocations=11 (full 0):
 garbage-first heap   total 71680K, used 54744K [0x0000000080000000, 0x0000000100000000)
  region size 1024K, 30 young (30720K), 4 survivors (4096K)
 Metaspace       used 42509K, committed 42880K, reserved 1114112K
  class space    used 5657K, committed 5824K, reserved 1048576K
}

